生成启动时间为 2022/10/7 20:28:16。
     1>项目“G:\2010\项目\Hello World\Hello World\Hello World.vcxproj”在节点 2 上(build 个目标)。
     1>InitializeBuildStatus:
         正在对“Debug\Hello World.unsuccessfulbuild”执行 Touch 任务。
       ClCompile:
         C:\Program Files (x86)\Microsoft Visual Studio 10.0\VC\bin\CL.exe /c /ZI /nologo /W3 /WX- /Od /Oy- /D WIN32 /D _DEBUG /D _CONSOLE /D _UNICODE /D UNICODE /Gm /EHsc /RTC1 /MDd /GS /fp:precise /Zc:wchar_t /Zc:forScope /Fo"Debug\\" /Fd"Debug\vc100.pdb" /Gd /TC /analyze- /errorReport:prompt helloworld.c
         helloworld.c
       ManifestResourceCompile:
         C:\Program Files (x86)\Microsoft SDKs\Windows\v7.0A\bin\rc.exe /nologo /fo"Debug\Hello World.exe.embed.manifest.res" "Debug\Hello World_manifest.rc" 
       Link:
         C:\Program Files (x86)\Microsoft Visual Studio 10.0\VC\bin\link.exe /ERRORREPORT:PROMPT /OUT:"G:\2010\项目\Hello World\Debug\Hello World.exe" /INCREMENTAL /NOLOGO kernel32.lib user32.lib gdi32.lib winspool.lib comdlg32.lib advapi32.lib shell32.lib ole32.lib oleaut32.lib uuid.lib odbc32.lib odbccp32.lib /MANIFEST /ManifestFile:"Debug\Hello World.exe.intermediate.manifest" /MANIFESTUAC:"level='asInvoker' uiAccess='false'" /DEBUG /PDB:"G:\2010\项目\Hello World\Debug\Hello World.pdb" /SUBSYSTEM:CONSOLE /TLBID:1 /DYNAMICBASE /NXCOMPAT /IMPLIB:"G:\2010\项目\Hello World\Debug\Hello World.lib" /MACHINE:X86 "Debug\Hello World.exe.embed.manifest.res"
         Debug\helloworld.obj
       Manifest:
         C:\Program Files (x86)\Microsoft SDKs\Windows\v7.0A\bin\mt.exe /nologo /verbose /out:"Debug\Hello World.exe.embed.manifest" /manifest "Debug\Hello World.exe.intermediate.manifest"
         C:\Program Files (x86)\Microsoft SDKs\Windows\v7.0A\bin\rc.exe /nologo /fo"Debug\Hello World.exe.embed.manifest.res" "Debug\Hello World_manifest.rc" 
       LinkEmbedManifest:
         C:\Program Files (x86)\Microsoft Visual Studio 10.0\VC\bin\link.exe /ERRORREPORT:PROMPT /OUT:"G:\2010\项目\Hello World\Debug\Hello World.exe" /INCREMENTAL /NOLOGO kernel32.lib user32.lib gdi32.lib winspool.lib comdlg32.lib advapi32.lib shell32.lib ole32.lib oleaut32.lib uuid.lib odbc32.lib odbccp32.lib /MANIFEST /ManifestFile:"Debug\Hello World.exe.intermediate.manifest" /MANIFESTUAC:"level='asInvoker' uiAccess='false'" /DEBUG /PDB:"G:\2010\项目\Hello World\Debug\Hello World.pdb" /SUBSYSTEM:CONSOLE /TLBID:1 /DYNAMICBASE /NXCOMPAT /IMPLIB:"G:\2010\项目\Hello World\Debug\Hello World.lib" /MACHINE:X86 "Debug\Hello World.exe.embed.manifest.res"
         Debug\helloworld.obj
         Hello World.vcxproj -> G:\2010\项目\Hello World\Debug\Hello World.exe
       FinalizeBuildStatus:
         正在删除文件“Debug\Hello World.unsuccessfulbuild”。
         正在对“Debug\Hello World.lastbuildstate”执行 Touch 任务。
     1>已完成生成项目“G:\2010\项目\Hello World\Hello World\Hello World.vcxproj”(build 个目标)的操作。

生成成功。

已用时间 00:00:01.15
